---- current path ----
System.Environment.CurrentDirectory: D:\UnityProject_GIT\Place\Place_1.0.3
System.IO.Directory.GetCurrentDirectory: D:\UnityProject_GIT\Place\Place_1.0.3
---- unity app path ----
unity Application.dataPath: D:/UnityProject_GIT/Place/Place_1.0.3/Place_Data
unity Application.persistentDataPath: C:/Users/PC_FORV/AppData/LocalLow/OWN/Place
unity Application.consoleLogPath: C:/Users/PC_FORV/AppData/LocalLow/OWN/Place/Player.log
unity Application.streamingAssetsPath: D:/UnityProject_GIT/Place/Place_1.0.3/Place_Data/StreamingAssets
---- assembly path ----
CurrentDomain.BaseDirectory: D:\UnityProject_GIT\Place\Place_1.0.3
ExecutingAssembly().Location: D:\UnityProject_GIT\Place\Place_1.0.3\Place_Data\Managed\ByteDance.LiveOpenSdk.Runtime.dll
EntryAssembly().Location: 
---- env vars ----
env vars: 59
 #0 env __COMPAT_LAYER = DetectorsAppHealth
 #1 env ALLUSERSPROFILE = C:\ProgramData
 #2 env APPDATA = C:\Users\PC_FORV\AppData\Roaming
 #3 env AQUA_VM_OPTIONS = C:\Users\PC_FORV\Downloads\jetbra\vmoptions\aqua.vmoptions
 #4 env CLION_VM_OPTIONS = C:\Users\PC_FORV\Downloads\jetbra\vmoptions\clion.vmoptions
 #5 env CommonProgramFiles = C:\Program Files\Common Files
 #6 env CommonProgramFiles(x86) = C:\Program Files (x86)\Common Files
 #7 env CommonProgramW6432 = C:\Program Files\Common Files
 #8 env COMPUTERNAME = DESKTOP-HUBTO6G
 #9 env ComSpec = C:\Windows\system32\cmd.exe
 #10 env DATAGRIP_VM_OPTIONS = C:\Users\PC_FORV\Downloads\jetbra\vmoptions\datagrip.vmoptions
 #11 env DATASPELL_VM_OPTIONS = C:\Users\PC_FORV\Downloads\jetbra\vmoptions\dataspell.vmoptions
 #12 env DEVECOSTUDIO_VM_OPTIONS = C:\Users\PC_FORV\Downloads\jetbra\vmoptions\devecostudio.vmoptions
 #13 env DriverData = C:\Windows\System32\Drivers\DriverData
 #14 env GATEWAY_VM_OPTIONS = C:\Users\PC_FORV\Downloads\jetbra\vmoptions\gateway.vmoptions
 #15 env GOLAND_VM_OPTIONS = C:\Users\PC_FORV\Downloads\jetbra\vmoptions\goland.vmoptions
 #16 env HOMEDRIVE = C:
 #17 env HOMEPATH = \Users\PC_FORV
 #18 env IDEA_VM_OPTIONS = C:\Users\PC_FORV\Downloads\jetbra\vmoptions\idea.vmoptions
 #19 env JetBrains Rider = D:\Program Files\JetBrains\JetBrains Rider 2024.1.4\bin;
 #20 env JETBRAINS_CLIENT_VM_OPTIONS = C:\Users\PC_FORV\Downloads\jetbra\vmoptions\jetbrains_client.vmoptions
 #21 env JETBRAINSCLIENT_VM_OPTIONS = C:\Users\PC_FORV\Downloads\jetbra\vmoptions\jetbrainsclient.vmoptions
 #22 env LOCALAPPDATA = C:\Users\PC_FORV\AppData\Local
 #23 env LOGONSERVER = \\DESKTOP-HUBTO6G
 #24 env NUMBER_OF_PROCESSORS = 12
 #25 env OneDrive = C:\Users\PC_FORV\OneDrive
 #26 env OneDriveConsumer = C:\Users\PC_FORV\OneDrive
 #27 env OS = Windows_NT
 #28 env Path = C:\Windows\system32;
C:\Windows;
C:\Windows\System32\Wbem;
C:\Windows\System32\WindowsPowerShell\v1.0\;
C:\Windows\System32\OpenSSH\;
C:\Program Files (x86)\NVIDIA Corporation\PhysX\Common;
C:\Program Files\NVIDIA Corporation\NVIDIA NvDLISR;
C:\Users\PC_FORV\AppData\Local\Microsoft\WindowsApps;
C:\Users\PC_FORV\AppData\Local\GitHubDesktop\bin;
D:\Program Files\JetBrains\JetBrains Rider 2024.1.4\bin;

 #29 env PATHEXT = .COM;.EXE;.BAT;.CMD;.VBS;.VBE;.JS;.JSE;.WSF;.WSH;.MSC
 #30 env PHPSTORM_VM_OPTIONS = C:\Users\PC_FORV\Downloads\jetbra\vmoptions\phpstorm.vmoptions
 #31 env PROCESSOR_ARCHITECTURE = AMD64
 #32 env PROCESSOR_IDENTIFIER = Intel64 Family 6 Model 158 Stepping 10, GenuineIntel
 #33 env PROCESSOR_LEVEL = 6
 #34 env PROCESSOR_REVISION = 9e0a
 #35 env ProgramData = C:\ProgramData
 #36 env ProgramFiles = C:\Program Files
 #37 env ProgramFiles(x86) = C:\Program Files (x86)
 #38 env ProgramW6432 = C:\Program Files
 #39 env PSModulePath = C:\Program Files\WindowsPowerShell\Modules;C:\Windows\system32\WindowsPowerShell\v1.0\Modules
 #40 env PUBLIC = C:\Users\Public
 #41 env PYCHARM_VM_OPTIONS = C:\Users\PC_FORV\Downloads\jetbra\vmoptions\pycharm.vmoptions
 #42 env RIDER_VM_OPTIONS = C:\Users\PC_FORV\Downloads\jetbra\vmoptions\rider.vmoptions
 #43 env RUBYMINE_VM_OPTIONS = C:\Users\PC_FORV\Downloads\jetbra\vmoptions\rubymine.vmoptions
 #44 env RUSTROVER_VM_OPTIONS = C:\Users\PC_FORV\Downloads\jetbra\vmoptions\rustrover.vmoptions
 #45 env SESSIONNAME = Console
 #46 env STUDIO_VM_OPTIONS = C:\Users\PC_FORV\Downloads\jetbra\vmoptions\studio.vmoptions
 #47 env SystemDrive = C:
 #48 env SystemRoot = C:\Windows
 #49 env TEMP = C:\Users\PC_FORV\AppData\Local\Temp
 #50 env TMP = C:\Users\PC_FORV\AppData\Local\Temp
 #51 env USERDOMAIN = DESKTOP-HUBTO6G
 #52 env USERDOMAIN_ROAMINGPROFILE = DESKTOP-HUBTO6G
 #53 env USERNAME = PC_FORV
 #54 env USERPROFILE = C:\Users\PC_FORV
 #55 env WEBIDE_VM_OPTIONS = C:\Users\PC_FORV\Downloads\jetbra\vmoptions\webide.vmoptions
 #56 env WEBSTORM_VM_OPTIONS = C:\Users\PC_FORV\Downloads\jetbra\vmoptions\webstorm.vmoptions
 #57 env windir = C:\Windows
 #58 env ZES_ENABLE_SYSMAN = 1