---- current path ----
System.Environment.CurrentDirectory: D:\UnityProject_GIT\Place
System.IO.Directory.GetCurrentDirectory: D:\UnityProject_GIT\Place
---- unity app path ----
unity Application.dataPath: D:/UnityProject_GIT/Place/DY_SDK_TEST/Place_Data
unity Application.persistentDataPath: C:/Users/PC_FORV/AppData/LocalLow/OWN/Place
unity Application.consoleLogPath: C:/Users/PC_FORV/AppData/LocalLow/OWN/Place/Player.log
unity Application.streamingAssetsPath: D:/UnityProject_GIT/Place/DY_SDK_TEST/Place_Data/StreamingAssets
---- assembly path ----
CurrentDomain.BaseDirectory: D:\UnityProject_GIT\Place\DY_SDK_TEST
ExecutingAssembly().Location: D:\UnityProject_GIT\Place\DY_SDK_TEST\Place_Data\Managed\ByteDance.LiveOpenSdk.Runtime.dll
EntryAssembly().Location: 
---- env vars ----
env vars: 62
 #0 env __COMPAT_LAYER = DetectorsAppHealth
 #1 env ALLUSERSPROFILE = C:\ProgramData
 #2 env APPDATA = C:\Users\PC_FORV\AppData\Roaming
 #3 env AQUA_VM_OPTIONS = C:\Users\PC_FORV\Downloads\jetbra\vmoptions\aqua.vmoptions
 #4 env CHROME_CRASHPAD_PIPE_NAME = \\.\pipe\crashpad_15368_NEKMHXMWLETOIVRR
 #5 env CLION_VM_OPTIONS = C:\Users\PC_FORV\Downloads\jetbra\vmoptions\clion.vmoptions
 #6 env CommonProgramFiles = C:\Program Files\Common Files
 #7 env CommonProgramFiles(x86) = C:\Program Files (x86)\Common Files
 #8 env CommonProgramW6432 = C:\Program Files\Common Files
 #9 env COMPUTERNAME = DESKTOP-HUBTO6G
 #10 env ComSpec = C:\Windows\system32\cmd.exe
 #11 env DATAGRIP_VM_OPTIONS = C:\Users\PC_FORV\Downloads\jetbra\vmoptions\datagrip.vmoptions
 #12 env DATASPELL_VM_OPTIONS = C:\Users\PC_FORV\Downloads\jetbra\vmoptions\dataspell.vmoptions
 #13 env DEVECOSTUDIO_VM_OPTIONS = C:\Users\PC_FORV\Downloads\jetbra\vmoptions\devecostudio.vmoptions
 #14 env DriverData = C:\Windows\System32\Drivers\DriverData
 #15 env FPS_BROWSER_APP_PROFILE_STRING = Internet Explorer
 #16 env FPS_BROWSER_USER_PROFILE_STRING = Default
 #17 env GATEWAY_VM_OPTIONS = C:\Users\PC_FORV\Downloads\jetbra\vmoptions\gateway.vmoptions
 #18 env GOLAND_VM_OPTIONS = C:\Users\PC_FORV\Downloads\jetbra\vmoptions\goland.vmoptions
 #19 env HOMEDRIVE = C:
 #20 env HOMEPATH = \Users\PC_FORV
 #21 env IDEA_VM_OPTIONS = C:\Users\PC_FORV\Downloads\jetbra\vmoptions\idea.vmoptions
 #22 env JetBrains Rider = D:\Program Files\JetBrains\JetBrains Rider 2024.1.4\bin;
 #23 env JETBRAINS_CLIENT_VM_OPTIONS = C:\Users\PC_FORV\Downloads\jetbra\vmoptions\jetbrains_client.vmoptions
 #24 env JETBRAINSCLIENT_VM_OPTIONS = C:\Users\PC_FORV\Downloads\jetbra\vmoptions\jetbrainsclient.vmoptions
 #25 env LOCALAPPDATA = C:\Users\PC_FORV\AppData\Local
 #26 env LOGONSERVER = \\DESKTOP-HUBTO6G
 #27 env NUMBER_OF_PROCESSORS = 12
 #28 env OneDrive = C:\Users\PC_FORV\OneDrive
 #29 env OneDriveConsumer = C:\Users\PC_FORV\OneDrive
 #30 env ORIGINAL_XDG_CURRENT_DESKTOP = undefined
 #31 env OS = Windows_NT
 #32 env Path = C:\Windows\system32;
C:\Windows;
C:\Windows\System32\Wbem;
C:\Windows\System32\WindowsPowerShell\v1.0\;
C:\Windows\System32\OpenSSH\;
C:\Program Files (x86)\NVIDIA Corporation\PhysX\Common;
C:\Program Files\NVIDIA Corporation\NVIDIA NvDLISR;
C:\Users\PC_FORV\AppData\Local\Microsoft\WindowsApps;
C:\Users\PC_FORV\AppData\Local\GitHubDesktop\bin;
D:\Program Files\JetBrains\JetBrains Rider 2024.1.4\bin;

 #33 env PATHEXT = .COM;.EXE;.BAT;.CMD;.VBS;.VBE;.JS;.JSE;.WSF;.WSH;.MSC
 #34 env PHPSTORM_VM_OPTIONS = C:\Users\PC_FORV\Downloads\jetbra\vmoptions\phpstorm.vmoptions
 #35 env PROCESSOR_ARCHITECTURE = AMD64
 #36 env PROCESSOR_IDENTIFIER = Intel64 Family 6 Model 158 Stepping 10, GenuineIntel
 #37 env PROCESSOR_LEVEL = 6
 #38 env PROCESSOR_REVISION = 9e0a
 #39 env ProgramData = C:\ProgramData
 #40 env ProgramFiles = C:\Program Files
 #41 env ProgramFiles(x86) = C:\Program Files (x86)
 #42 env ProgramW6432 = C:\Program Files
 #43 env PSModulePath = C:\Program Files\WindowsPowerShell\Modules;C:\Windows\system32\WindowsPowerShell\v1.0\Modules
 #44 env PUBLIC = C:\Users\Public
 #45 env PYCHARM_VM_OPTIONS = C:\Users\PC_FORV\Downloads\jetbra\vmoptions\pycharm.vmoptions
 #46 env RIDER_VM_OPTIONS = C:\Users\PC_FORV\Downloads\jetbra\vmoptions\rider.vmoptions
 #47 env RUBYMINE_VM_OPTIONS = C:\Users\PC_FORV\Downloads\jetbra\vmoptions\rubymine.vmoptions
 #48 env RUSTROVER_VM_OPTIONS = C:\Users\PC_FORV\Downloads\jetbra\vmoptions\rustrover.vmoptions
 #49 env SESSIONNAME = Console
 #50 env STUDIO_VM_OPTIONS = C:\Users\PC_FORV\Downloads\jetbra\vmoptions\studio.vmoptions
 #51 env SystemDrive = C:
 #52 env SystemRoot = C:\Windows
 #53 env TEMP = C:\Users\PC_FORV\AppData\Local\Temp
 #54 env TMP = C:\Users\PC_FORV\AppData\Local\Temp
 #55 env USERDOMAIN = DESKTOP-HUBTO6G
 #56 env USERDOMAIN_ROAMINGPROFILE = DESKTOP-HUBTO6G
 #57 env USERNAME = PC_FORV
 #58 env USERPROFILE = C:\Users\PC_FORV
 #59 env WEBIDE_VM_OPTIONS = C:\Users\PC_FORV\Downloads\jetbra\vmoptions\webide.vmoptions
 #60 env WEBSTORM_VM_OPTIONS = C:\Users\PC_FORV\Downloads\jetbra\vmoptions\webstorm.vmoptions
 #61 env windir = C:\Windows