---- current path ----
System.Environment.CurrentDirectory: D:\UnityProject_GIT\Place\Place_DY_0.0.4
System.IO.Directory.GetCurrentDirectory: D:\UnityProject_GIT\Place\Place_DY_0.0.4
---- unity app path ----
unity Application.dataPath: D:/UnityProject_GIT/Place/Place_DY_0.0.4/Place_Data
unity Application.persistentDataPath: C:/Users/PC_FORV/AppData/LocalLow/OWN/Place
unity Application.consoleLogPath: C:/Users/PC_FORV/AppData/LocalLow/OWN/Place/Player.log
unity Application.streamingAssetsPath: D:/UnityProject_GIT/Place/Place_DY_0.0.4/Place_Data/StreamingAssets
---- assembly path ----
CurrentDomain.BaseDirectory: D:\UnityProject_GIT\Place\Place_DY_0.0.4
ExecutingAssembly().Location: D:\UnityProject_GIT\Place\Place_DY_0.0.4\Place_Data\Managed\ByteDance.LiveOpenSdk.Runtime.dll
EntryAssembly().Location: 
---- env vars ----
env vars: 58
 #0 env ALLUSERSPROFILE = C:\ProgramData
 #1 env APPDATA = C:\Users\PC_FORV\AppData\Roaming
 #2 env AQUA_VM_OPTIONS = C:\Users\PC_FORV\Downloads\jetbra\vmoptions\aqua.vmoptions
 #3 env CLION_VM_OPTIONS = C:\Users\PC_FORV\Downloads\jetbra\vmoptions\clion.vmoptions
 #4 env CommonProgramFiles = C:\Program Files\Common Files
 #5 env CommonProgramFiles(x86) = C:\Program Files (x86)\Common Files
 #6 env CommonProgramW6432 = C:\Program Files\Common Files
 #7 env COMPUTERNAME = DESKTOP-HUBTO6G
 #8 env ComSpec = C:\Windows\system32\cmd.exe
 #9 env DATAGRIP_VM_OPTIONS = C:\Users\PC_FORV\Downloads\jetbra\vmoptions\datagrip.vmoptions
 #10 env DATASPELL_VM_OPTIONS = C:\Users\PC_FORV\Downloads\jetbra\vmoptions\dataspell.vmoptions
 #11 env DEVECOSTUDIO_VM_OPTIONS = C:\Users\PC_FORV\Downloads\jetbra\vmoptions\devecostudio.vmoptions
 #12 env DriverData = C:\Windows\System32\Drivers\DriverData
 #13 env GATEWAY_VM_OPTIONS = C:\Users\PC_FORV\Downloads\jetbra\vmoptions\gateway.vmoptions
 #14 env GOLAND_VM_OPTIONS = C:\Users\PC_FORV\Downloads\jetbra\vmoptions\goland.vmoptions
 #15 env HOMEDRIVE = C:
 #16 env HOMEPATH = \Users\PC_FORV
 #17 env IDEA_VM_OPTIONS = C:\Users\PC_FORV\Downloads\jetbra\vmoptions\idea.vmoptions
 #18 env JetBrains Rider = D:\Program Files\JetBrains\JetBrains Rider 2024.1.4\bin;
 #19 env JETBRAINS_CLIENT_VM_OPTIONS = C:\Users\PC_FORV\Downloads\jetbra\vmoptions\jetbrains_client.vmoptions
 #20 env JETBRAINSCLIENT_VM_OPTIONS = C:\Users\PC_FORV\Downloads\jetbra\vmoptions\jetbrainsclient.vmoptions
 #21 env LOCALAPPDATA = C:\Users\PC_FORV\AppData\Local
 #22 env LOGONSERVER = \\DESKTOP-HUBTO6G
 #23 env NUMBER_OF_PROCESSORS = 12
 #24 env OneDrive = C:\Users\PC_FORV\OneDrive
 #25 env OneDriveConsumer = C:\Users\PC_FORV\OneDrive
 #26 env OS = Windows_NT
 #27 env Path = C:\Windows\system32;
C:\Windows;
C:\Windows\System32\Wbem;
C:\Windows\System32\WindowsPowerShell\v1.0\;
C:\Windows\System32\OpenSSH\;
C:\Program Files (x86)\NVIDIA Corporation\PhysX\Common;
C:\Program Files\NVIDIA Corporation\NVIDIA NvDLISR;
C:\Users\PC_FORV\AppData\Local\Microsoft\WindowsApps;
C:\Users\PC_FORV\AppData\Local\GitHubDesktop\bin;
D:\Program Files\JetBrains\JetBrains Rider 2024.1.4\bin;

 #28 env PATHEXT = .COM;.EXE;.BAT;.CMD;.VBS;.VBE;.JS;.JSE;.WSF;.WSH;.MSC
 #29 env PHPSTORM_VM_OPTIONS = C:\Users\PC_FORV\Downloads\jetbra\vmoptions\phpstorm.vmoptions
 #30 env PROCESSOR_ARCHITECTURE = AMD64
 #31 env PROCESSOR_IDENTIFIER = Intel64 Family 6 Model 158 Stepping 10, GenuineIntel
 #32 env PROCESSOR_LEVEL = 6
 #33 env PROCESSOR_REVISION = 9e0a
 #34 env ProgramData = C:\ProgramData
 #35 env ProgramFiles = C:\Program Files
 #36 env ProgramFiles(x86) = C:\Program Files (x86)
 #37 env ProgramW6432 = C:\Program Files
 #38 env PSModulePath = C:\Program Files\WindowsPowerShell\Modules;C:\Windows\system32\WindowsPowerShell\v1.0\Modules
 #39 env PUBLIC = C:\Users\Public
 #40 env PYCHARM_VM_OPTIONS = C:\Users\PC_FORV\Downloads\jetbra\vmoptions\pycharm.vmoptions
 #41 env RIDER_VM_OPTIONS = C:\Users\PC_FORV\Downloads\jetbra\vmoptions\rider.vmoptions
 #42 env RUBYMINE_VM_OPTIONS = C:\Users\PC_FORV\Downloads\jetbra\vmoptions\rubymine.vmoptions
 #43 env RUSTROVER_VM_OPTIONS = C:\Users\PC_FORV\Downloads\jetbra\vmoptions\rustrover.vmoptions
 #44 env SESSIONNAME = Console
 #45 env STUDIO_VM_OPTIONS = C:\Users\PC_FORV\Downloads\jetbra\vmoptions\studio.vmoptions
 #46 env SystemDrive = C:
 #47 env SystemRoot = C:\Windows
 #48 env TEMP = C:\Users\PC_FORV\AppData\Local\Temp
 #49 env TMP = C:\Users\PC_FORV\AppData\Local\Temp
 #50 env USERDOMAIN = DESKTOP-HUBTO6G
 #51 env USERDOMAIN_ROAMINGPROFILE = DESKTOP-HUBTO6G
 #52 env USERNAME = PC_FORV
 #53 env USERPROFILE = C:\Users\PC_FORV
 #54 env WEBIDE_VM_OPTIONS = C:\Users\PC_FORV\Downloads\jetbra\vmoptions\webide.vmoptions
 #55 env WEBSTORM_VM_OPTIONS = C:\Users\PC_FORV\Downloads\jetbra\vmoptions\webstorm.vmoptions
 #56 env windir = C:\Windows
 #57 env ZES_ENABLE_SYSMAN = 1